[0.174s] Invoking command in '/home/kireiji/RoboticsDev_ws/build/turtlesim_plus_interfaces': CMAKE_PREFIX_PATH=${CMAKE_PREFIX_PATH}:/home/kireiji/RoboticsDev_ws/install/launch_testing_examples:/home/kireiji/RoboticsDev_ws/install/examples_rclpy_pointcloud_publisher:/home/kireiji/RoboticsDev_ws/install/examples_rclpy_minimal_subscriber:/home/kireiji/RoboticsDev_ws/install/examples_rclpy_minimal_service:/home/kireiji/RoboticsDev_ws/install/examples_rclpy_minimal_publisher:/home/kireiji/RoboticsDev_ws/install/examples_rclpy_minimal_client:/home/kireiji/RoboticsDev_ws/install/examples_rclpy_minimal_action_server:/home/kireiji/RoboticsDev_ws/install/examples_rclpy_minimal_action_client:/home/kireiji/RoboticsDev_ws/install/examples_rclpy_guard_conditions:/home/kireiji/RoboticsDev_ws/install/examples_rclpy_executors:/home/kireiji/ros2_ws/install/my_py_pkg:/opt/ros/humble /usr/bin/cmake /home/kireiji/RoboticsDev_ws/src/turtlesim_plus/turtlesim_plus_interfaces -DCMAKE_INSTALL_PREFIX=/home/kireiji/RoboticsDev_ws/install/turtlesim_plus_interfaces
[4.554s] -- The C compiler identification is GNU 11.4.0
[4.554s] -- The CXX compiler identification is GNU 11.4.0
[4.554s] -- Detecting C compiler ABI info
[4.554s] -- Detecting C compiler ABI info - done
[4.554s] -- Check for working C compiler: /usr/bin/cc - skipped
[4.554s] -- Detecting C compile features
[4.554s] -- Detecting C compile features - done
[4.554s] -- Detecting CXX compiler ABI info
[4.554s] -- Detecting CXX compiler ABI info - done
[4.555s] -- Check for working CXX compiler: /usr/bin/c++ - skipped
[4.555s] -- Detecting CXX compile features
[4.555s] -- Detecting CXX compile features - done
[4.555s] -- Found ament_cmake: 1.3.10 (/opt/ros/humble/share/ament_cmake/cmake)
[4.555s] -- Found Python3: /usr/local/bin/python3 (found version "3.10.0") found components: Interpreter 
[4.555s] -- Found ament_lint_auto: 0.12.11 (/opt/ros/humble/share/ament_lint_auto/cmake)
[4.555s] -- Found rosidl_default_generators: 1.2.0 (/opt/ros/humble/share/rosidl_default_generators/cmake)
[4.555s] -- Using all available rosidl_typesupport_c: rosidl_typesupport_fastrtps_c;rosidl_typesupport_introspection_c
[4.555s] -- Found rosidl_adapter: 3.1.5 (/opt/ros/humble/share/rosidl_adapter/cmake)
[4.555s] -- Using all available rosidl_typesupport_cpp: rosidl_typesupport_fastrtps_cpp;rosidl_typesupport_introspection_cpp
[4.555s] -- Configuring incomplete, errors occurred!
[4.556s] See also "/home/kireiji/RoboticsDev_ws/build/turtlesim_plus_interfaces/CMakeFiles/CMakeOutput.log".
[4.556s] [31mCMake Error at /opt/ros/humble/share/rosidl_adapter/cmake/rosidl_adapt_interfaces.cmake:59 (message):
[4.556s]   execute_process(/usr/local/bin/python3 -m rosidl_adapter --package-name
[4.556s]   turtlesim_plus_interfaces --arguments-file
[4.556s]   /home/kireiji/RoboticsDev_ws/build/turtlesim_plus_interfaces/rosidl_adapter__arguments__turtlesim_plus_interfaces.json
[4.556s]   --output-dir
[4.556s]   /home/kireiji/RoboticsDev_ws/build/turtlesim_plus_interfaces/rosidl_adapter/turtlesim_plus_interfaces
[4.556s]   --output-file
[4.556s]   /home/kireiji/RoboticsDev_ws/build/turtlesim_plus_interfaces/rosidl_adapter/turtlesim_plus_interfaces.idls)
[4.556s]   returned error code 1:
[4.556s] 
[4.559s]   AttributeError processing template 'msg.idl.em'
[4.570s] 
[4.570s]   Traceback (most recent call last):
[4.570s] 
[4.570s]     File "/opt/ros/humble/local/lib/python3.10/dist-packages/rosidl_adapter/resource/__init__.py", line 51, in evaluate_template
[4.570s]       em.BUFFERED_OPT: True,
[4.570s] 
[4.570s]   AttributeError: module 'em' has no attribute 'BUFFERED_OPT'
[4.570s] 
[4.571s]   
[4.571s] 
[4.571s]   During handling of the above exception, another exception occurred:
[4.571s] 
[4.571s]   
[4.571s] 
[4.571s]   Traceback (most recent call last):
[4.571s] 
[4.571s]     File "/usr/local/lib/python3.10/runpy.py", line 196, in _run_module_as_main
[4.571s]       return _run_code(code, main_globals, None,
[4.571s]     File "/usr/local/lib/python3.10/runpy.py", line 86, in _run_code
[4.571s]       exec(code, run_globals)
[4.571s]     File "/opt/ros/humble/local/lib/python3.10/dist-packages/rosidl_adapter/__main__.py", line 19, in <module>
[4.571s]       sys.exit(main())
[4.571s]     File "/opt/ros/humble/local/lib/python3.10/dist-packages/rosidl_adapter/main.py", line 53, in main
[4.571s]       abs_idl_file = convert_to_idl(
[4.572s]     File "/opt/ros/humble/local/lib/python3.10/dist-packages/rosidl_adapter/__init__.py", line 19, in convert_to_idl
[4.572s]       return convert_msg_to_idl(
[4.572s]     File "/opt/ros/humble/local/lib/python3.10/dist-packages/rosidl_adapter/msg/__init__.py", line 39, in convert_msg_to_idl
[4.572s]       expand_template('msg.idl.em', data, output_file, encoding='iso-8859-1')
[4.572s]     File "/opt/ros/humble/local/lib/python3.10/dist-packages/rosidl_adapter/resource/__init__.py", line 23, in expand_template
[4.572s]       content = evaluate_template(template_name, data)
[4.572s]     File "/opt/ros/humble/local/lib/python3.10/dist-packages/rosidl_adapter/resource/__init__.py", line 69, in evaluate_template
[4.572s]       _interpreter.shutdown()
[4.572s] 
[4.572s]   AttributeError: 'NoneType' object has no attribute 'shutdown'
[4.572s] 
[4.572s] Call Stack (most recent call first):
[4.572s]   /opt/ros/humble/share/rosidl_cmake/cmake/rosidl_generate_interfaces.cmake:130 (rosidl_adapt_interfaces)
[4.572s]   CMakeLists.txt:27 (rosidl_generate_interfaces)
[4.572s] 
[4.572s] [0m
[4.590s] Invoked command in '/home/kireiji/RoboticsDev_ws/build/turtlesim_plus_interfaces' returned '1': CMAKE_PREFIX_PATH=${CMAKE_PREFIX_PATH}:/home/kireiji/RoboticsDev_ws/install/launch_testing_examples:/home/kireiji/RoboticsDev_ws/install/examples_rclpy_pointcloud_publisher:/home/kireiji/RoboticsDev_ws/install/examples_rclpy_minimal_subscriber:/home/kireiji/RoboticsDev_ws/install/examples_rclpy_minimal_service:/home/kireiji/RoboticsDev_ws/install/examples_rclpy_minimal_publisher:/home/kireiji/RoboticsDev_ws/install/examples_rclpy_minimal_client:/home/kireiji/RoboticsDev_ws/install/examples_rclpy_minimal_action_server:/home/kireiji/RoboticsDev_ws/install/examples_rclpy_minimal_action_client:/home/kireiji/RoboticsDev_ws/install/examples_rclpy_guard_conditions:/home/kireiji/RoboticsDev_ws/install/examples_rclpy_executors:/home/kireiji/ros2_ws/install/my_py_pkg:/opt/ros/humble /usr/bin/cmake /home/kireiji/RoboticsDev_ws/src/turtlesim_plus/turtlesim_plus_interfaces -DCMAKE_INSTALL_PREFIX=/home/kireiji/RoboticsDev_ws/install/turtlesim_plus_interfaces
