<?xml version="1.0" encoding="UTF-8"?>
<Site BuildName="(empty)"
	BuildStamp="20240821-0029-Experimental"
	Name="kireiji"
	Generator="ctest-3.22.1"
	CompilerName="/usr/bin/c++"
	CompilerVersion="11.4.0"
	OSName="Linux"
	Hostname="kireiji"
	OSRelease="6.8.0-40-generic"
	OSVersion="#40~22.04.3-Ubuntu SMP PREEMPT_DYNAMIC Tue Jul 30 17:30:19 UTC 2"
	OSPlatform="x86_64"
	Is64Bits="1"
	VendorString="GenuineIntel"
	VendorID="Intel Corporation"
	FamilyID="6"
	ModelID="141"
	ProcessorCacheSize="24576"
	NumberOfLogicalCPU="16"
	NumberOfPhysicalCPU="8"
	TotalVirtualMemory="2047"
	TotalPhysicalMemory="39888"
	LogicalProcessorsPerPhysical="2"
	ProcessorClockFrequency="4082.69"
	>
	<Testing>
		<StartDateTime>Aug 21 07:29 +07</StartDateTime>
		<StartTestTime>1724200182</StartTestTime>
		<TestList/>
		<EndDateTime>Aug 21 07:29 +07</EndDateTime>
		<EndTestTime>1724200182</EndTestTime>
		<ElapsedMinutes>0</ElapsedMinutes>
	</Testing>
</Site>
